{
  "RSpec": {
    "coverage": {
      "/Users/andrey/projects/rslog/spec/support/file_fixtures.rb": {
        "lines": [
          null,
          null,
          null,
          null,
          1,
          1,
          0,
          0,
          null,
          null
        ]
      },
      "/Users/andrey/projects/rslog/lib/rslog.rb": {
        "lines": [
          null,
          null,
          null,
          1,
          1,
          1,
          1,
          1,
          1,
          1,
          1,
          1,
          null,
          null,
          null,
          null,
          1,
          1,
          null,
          1,
          1,
          null,
          null,
          null,
          null,
          null
        ]
      },
      "/Users/andrey/projects/rslog/lib/rslog/container.rb": {
        "lines": [
          null,
          null,
          null,
          null,
          1,
          1,
          null,
          null,
          null,
          1,
          34,
          34,
          34,
          34,
          null,
          null,
          1,
          5,
          null,
          null,
          1,
          5,
          null,
          null,
          1,
          3,
          null,
          null,
          1,
          15,
          null,
          null,
          1,
          5,
          null,
          null,
          1,
          5,
          5,
          5,
          null,
          null
        ]
      },
      "/Users/andrey/projects/rslog/lib/rslog/worker.rb": {
        "lines": [
          null,
          null,
          null,
          null,
          null,
          1,
          1,
          null,
          1,
          37,
          null,
          null,
          1,
          3,
          3,
          3,
          3,
          3,
          null,
          null,
          1,
          1,
          1,
          3,
          3,
          null,
          null,
          null
        ]
      },
      "/Users/andrey/projects/rslog/lib/rslog/opts.rb": {
        "lines": [
          null,
          null,
          null,
          null,
          1,
          null,
          1,
          null,
          2,
          null,
          null,
          null,
          null,
          1,
          null,
          2,
          null,
          null,
          null,
          1,
          5,
          5,
          5,
          5,
          null,
          null,
          null,
          1,
          5,
          null,
          null,
          1,
          5,
          0,
          0,
          null,
          null,
          null,
          1,
          5,
          0,
          0,
          null,
          null,
          null
        ]
      },
      "/Users/andrey/projects/rslog/lib/rslog/input_parser.rb": {
        "lines": [
          null,
          null,
          1,
          1,
          null,
          null,
          null,
          1,
          1,
          null,
          1,
          5,
          5,
          5,
          null,
          null,
          1,
          null,
          1,
          5,
          null,
          0,
          null,
          null,
          1,
          6,
          5,
          null,
          null
        ]
      },
      "/Users/andrey/projects/rslog/lib/rslog/extractor.rb": {
        "lines": [
          null,
          null,
          null,
          null,
          1,
          1,
          4,
          4,
          null,
          null,
          1,
          null,
          1,
          7,
          null,
          null,
          1,
          4,
          1,
          null,
          3,
          2,
          null,
          null,
          1,
          null,
          null
        ]
      },
      "/Users/andrey/projects/rslog/lib/rslog/validator.rb": {
        "lines": [
          null,
          null,
          1,
          null,
          null,
          null,
          1,
          null,
          null,
          1,
          null,
          null,
          null,
          4,
          2,
          null,
          null,
          1,
          3,
          3,
          null,
          null,
          1,
          null,
          1,
          5,
          null,
          2,
          null,
          null
        ]
      },
      "/Users/andrey/projects/rslog/lib/rslog/tools/array.rb": {
        "lines": [
          null,
          null,
          null,
          null,
          1,
          1,
          35,
          null,
          null,
          1,
          41,
          null,
          null
        ]
      },
      "/Users/andrey/projects/rslog/lib/rslog/data_parser.rb": {
        "lines": [
          null,
          null,
          1,
          1,
          null,
          null,
          null,
          1,
          null,
          null,
          1,
          6,
          6,
          null,
          null,
          1,
          6,
          null,
          null,
          null,
          null,
          18,
          null,
          18,
          6,
          null,
          null,
          1,
          null,
          1,
          null
        ]
      },
      "/Users/andrey/projects/rslog/lib/rslog/tools/hash.rb": {
        "lines": [
          null,
          null,
          1,
          null,
          null,
          null,
          1,
          1,
          4,
          4,
          12,
          null,
          4,
          null,
          null,
          1,
          1,
          1,
          3,
          null,
          1,
          null,
          null,
          1,
          1,
          1,
          3,
          null,
          1,
          null,
          null
        ]
      },
      "/Users/andrey/projects/rslog/lib/rslog/decorators.rb": {
        "lines": [
          null,
          null,
          null,
          null,
          1,
          1,
          5,
          null,
          null,
          1,
          5,
          null,
          null,
          1,
          5,
          null,
          null,
          1,
          5,
          null,
          null,
          1,
          5,
          null,
          null,
          1,
          5,
          null,
          null,
          1,
          10,
          null,
          null
        ]
      },
      "/Users/andrey/projects/rslog/lib/rslog/presenter.rb": {
        "lines": [
          null,
          null,
          1,
          1,
          null,
          null,
          null,
          1,
          1,
          null,
          1,
          null,
          1,
          10,
          10,
          10,
          null,
          null,
          1,
          9,
          9,
          null,
          null,
          1,
          null,
          1,
          null,
          9,
          null,
          null,
          null,
          null,
          null
        ]
      },
      "/Users/andrey/projects/rslog/spec/acceptance/rslog_spec.rb": {
        "lines": [
          null,
          null,
          null,
          null,
          null,
          null,
          null,
          null,
          null,
          null,
          null,
          null,
          null,
          null,
          null,
          null,
          null,
          null,
          null,
          null,
          null,
          null,
          null,
          null,
          null,
          null,
          1,
          null,
          1,
          1,
          1,
          2,
          null,
          null,
          null,
          null,
          1,
          1,
          2,
          null,
          null,
          null,
          null,
          null,
          null,
          1,
          1,
          1,
          2,
          null,
          null,
          null,
          null,
          1,
          1,
          2,
          null,
          null,
          null,
          null,
          null,
          null,
          1,
          1,
          3,
          2,
          2,
          1,
          2,
          null,
          null,
          1,
          2,
          null,
          null,
          null
        ]
      },
      "/Users/andrey/projects/rslog/spec/integration/worker_spec.rb": {
        "lines": [
          null,
          null,
          1,
          null,
          1,
          1,
          5,
          null,
          2,
          2,
          null,
          2,
          2,
          null,
          2,
          2,
          null,
          2,
          2,
          null,
          null
        ]
      },
      "/Users/andrey/projects/rslog/spec/unit/array_spec.rb": {
        "lines": [
          null,
          null,
          1,
          null,
          1,
          1,
          2,
          null,
          null,
          null,
          null,
          null,
          null,
          null,
          1,
          null,
          1,
          null,
          null,
          null,
          null,
          null,
          1,
          null,
          1,
          1,
          null,
          null,
          1,
          1,
          null,
          null,
          1,
          1,
          null,
          null
        ]
      },
      "/Users/andrey/projects/rslog/spec/unit/container_spec.rb": {
        "lines": [
          null,
          null,
          1,
          null,
          1,
          1,
          1,
          1,
          null,
          null,
          2,
          1,
          1,
          null,
          null,
          3,
          1,
          1,
          null,
          null,
          2,
          1,
          1,
          null,
          null,
          null,
          1,
          2,
          1,
          2,
          null,
          null,
          2,
          1,
          2,
          null,
          null
        ]
      },
      "/Users/andrey/projects/rslog/spec/unit/data_parser_spec.rb": {
        "lines": [
          null,
          null,
          1,
          null,
          1,
          1,
          1,
          3,
          null,
          3,
          null,
          null,
          4,
          4,
          null,
          1,
          1,
          1,
          null,
          null,
          1,
          1,
          1,
          null,
          null,
          1,
          1,
          1,
          null,
          null
        ]
      },
      "/Users/andrey/projects/rslog/spec/unit/decorators_spec.rb": {
        "lines": [
          null,
          null,
          1,
          null,
          1,
          1,
          1,
          null,
          null,
          null,
          1,
          1,
          1,
          null,
          null,
          1,
          1,
          null,
          null,
          null,
          null,
          null,
          1,
          1,
          1,
          1,
          null,
          null,
          1,
          1,
          null,
          null,
          null,
          null,
          null,
          1,
          1,
          1,
          1,
          null,
          null,
          1,
          1,
          null,
          null,
          null,
          null
        ]
      },
      "/Users/andrey/projects/rslog/spec/unit/extractor_spec.rb": {
        "lines": [
          null,
          null,
          1,
          null,
          1,
          2,
          2,
          1,
          1,
          1,
          null,
          null,
          2,
          2,
          1,
          1,
          1,
          null,
          null,
          2,
          2,
          1,
          1,
          1,
          null,
          null,
          2,
          2,
          1,
          1,
          1,
          null,
          null
        ]
      },
      "/Users/andrey/projects/rslog/spec/unit/input_parser_spec.rb": {
        "lines": [
          null,
          null,
          1,
          null,
          1,
          3,
          3,
          null,
          1,
          1,
          1,
          1,
          1,
          null,
          null,
          null,
          1,
          1,
          1,
          1,
          1,
          1,
          null,
          null,
          null,
          null,
          1,
          1,
          2,
          null,
          null,
          null,
          null,
          1,
          2,
          null,
          null,
          null
        ]
      },
      "/Users/andrey/projects/rslog/spec/unit/opts_spec.rb": {
        "lines": [
          null,
          null,
          1,
          null,
          1,
          1,
          1,
          null,
          null,
          1,
          2,
          null,
          null,
          null,
          1,
          1,
          null,
          null,
          1,
          2,
          null,
          null,
          null
        ]
      },
      "/Users/andrey/projects/rslog/spec/unit/presenter_spec.rb": {
        "lines": [
          null,
          null,
          1,
          null,
          1,
          1,
          3,
          3,
          null,
          1,
          1,
          1,
          null,
          null,
          1,
          1,
          1,
          null,
          null,
          null,
          null,
          null,
          1,
          1,
          3,
          3,
          null,
          1,
          1,
          1,
          null,
          null,
          1,
          1,
          1,
          null,
          null,
          null,
          null,
          null,
          1,
          1,
          3,
          3,
          null,
          1,
          1,
          1,
          null,
          null,
          1,
          1,
          1,
          null,
          null,
          null,
          null
        ]
      },
      "/Users/andrey/projects/rslog/spec/unit/validator_spec.rb": {
        "lines": [
          null,
          null,
          1,
          null,
          1,
          3,
          3,
          2,
          null,
          3,
          3,
          2,
          null,
          1,
          1,
          1,
          null,
          null,
          1,
          1,
          1,
          null,
          null,
          1,
          1,
          null,
          null,
          1,
          1,
          null,
          null
        ]
      },
      "/Users/andrey/projects/rslog/spec/unit/worker_spec.rb": {
        "lines": [
          null,
          null,
          1,
          null,
          1,
          3,
          3,
          null,
          1,
          1,
          1,
          1,
          null,
          null,
          1,
          2,
          null,
          null,
          null
        ]
      },
      "/Users/andrey/projects/rslog/spec/factories/containers.rb": {
        "lines": [
          null,
          null,
          1,
          1,
          14,
          34,
          19,
          17,
          null,
          3,
          3,
          3,
          3,
          3,
          null,
          1,
          16,
          16,
          16,
          16,
          1,
          15,
          null,
          null,
          null,
          null,
          4,
          3,
          null,
          null
        ]
      }
    },
    "timestamp": 1616085151
  }
}
